<?xml version="1.0" encoding="UTF-8"?>
<testsuite name="Test" tests="15" skipped="0" failures="0" errors="0" timestamp="2025-11-03T16:52:02.832Z" hostname="wayfinder" time="0.27">
  <properties/>
  <testcase name="testTrimPictureFunction()" classname="Test" time="0.192"/>
  <testcase name="testApplyBordersFilterFunction()" classname="Test" time="0.002"/>
  <testcase name="testApplySquaredFilterFunction()" classname="Test" time="0.002"/>
  <testcase name="[1] &#10;    ┈┈╱▔▔▔▔▔▔▔▔▔▔▔▏ &#10;    ┈╱╭▏╮╭┻┻╮╭┻┻╮╭▏ &#10;    ▕╮╰▏╯┃╭╮┃┃╭╮┃╰▏ &#10;    ▕╯┈▏┈┗┻┻┛┗┻┻┻╮▏ &#10;    ▕╭╮▏╮┈┈┈┈┏━━━╯▏&#10;    ▕╰╯▏╯╰┳┳┳┳┳┳╯╭▏ &#10;    ▕┈╭▏╭╮┃┗┛┗┛┃┈╰▏ &#10;    ▕┈╰▏╰╯╰━━━━╯┈┈▏&#10;" classname="Test" time="0.017"/>
  <testcase name="[2] &#10;    ┈╱▔╲▂╱╱╱╱▂╱▔╲┈┈&#10;    ▕▔╲┈╱▔╲┈┈╱╲╱▔▏┈&#10;    ▕▏┈▏╱▉╲┈┈╱▉╲▕▏┈&#10;    ┈╲▃▏▔▔▔╲▂▂▂▕╱┈┈&#10;    ┈┈┈▏┊┊┳┊╲▂╱┳▏┈┈&#10;    ┈┈▕╲▂┊╰━━┻━╱┈┈┈&#10;    ┈┈╱┈┈▔▔╲▂▂╱╲┈┈┈&#10;" classname="Test" time="0.002"/>
  <testcase name="[3] &#10;    ╭━┳━╭━╭━╮╮&#10;    ┃┈┈┈┣▅╋▅┫┃&#10;    ┃┈┃┈╰━╰━━━━━━╮&#10;    ╰┳╯┈┈┈┈┈┈┈┈┈◢▉◣&#10;    ╲┃┈┈┈┈┈┈┈┈┈┈▉▉▉&#10;    ╲┃┈┈┈┈┈┈┈┈┈┈◥▉◤&#10;    ╲┃┈┈┈┈╭━┳━━━━╯&#10;    ╲┣━━━━━━┫&#10;" classname="Test" time="0.002"/>
  <testcase name="[4] &#10;    ┈┈╱╲┈┈┈╱╲┈┈╭━╮┈&#10;    ┈╱╱╲╲__╱╱╲╲╰╮┃┈&#10;    ┈▏┏┳╮┈╭┳┓▕┈┈┃┃┈&#10;    ┈▏╰┻┛▼┗┻╯▕┈┈┃┃┈&#10;    ┈╲┈┈╰┻╯┈┈╱▔▔┈┃┈&#10;    ┈┈╰━┳━━━╯┈┈┈┈┃┈&#10;    ┈┈┈┈┃┏┓┣━━┳┳┓┃┈&#10;    ┈┈┈┈┗┛┗┛┈┈┗┛┗┛┈&#10;" classname="Test" time="0.002"/>
  <testcase name="[5] &#10;    ┈┏━╮╭━┓┈╭━━━━╮&#10;    ┈┃┏┗┛┓┃╭┫    ┃&#10;    ┈╰┓▋▋┏╯╯╰━━━━╯&#10;    ╭━┻╮╲┗━━━━╮╭╮┈&#10;    ┃▎▎┃╲╲╲╲╲╲┣━╯┈&#10;    ╰━┳┻▅╯╲╲╲╲┃┈┈┈&#10;    ┈┈╰━┳┓┏┳┓┏╯┈┈┈&#10;    ┈┈┈┈┗┻┛┗┻┛┈┈┈┈&#10;" classname="Test" time="0.002"/>
  <testcase name="[6] &#10;    ╱▏┈┈┈┈┈┈▕╲▕╲┈┈┈&#10;    ▏▏┈┈┈┈┈┈▕▏▔▔╲┈┈&#10;    ▏╲┈┈┈┈┈┈╱┈▔┈▔╲┈&#10;    ╲▏▔▔▔▔▔▔╯╯╰┳━━▀&#10;    ┈▏╯╯╯╯╯╯╯╯╱┃┈┈┈&#10;    ┈┃┏┳┳━━━┫┣┳┃┈┈┈&#10;    ┈┃┃┃┃┈┈┈┃┃┃┃┈┈┈&#10;    ┈┗┛┗┛┈┈┈┗┛┗┛┈┈┈&#10;" classname="Test" time="0.003"/>
  <testcase name="[7] &#10;    ┊┊┊╱▔▔▔▔▔╲┊┊┊┊┊&#10;    ┊┊╱┈┈╱▔╲╲╲▏┊┊┊┊&#10;    ┊╱┈╭━━╱▔▔▔▔╲━━╮&#10;    ┊▏┈┃▔▔▏╭▅╭▅▕▔▔┃&#10;    ┊▏┈╰━╱┈╭┳┳╮┳╲━╯&#10;    ┊╲┈┈╲▏╭━━━━╯▕┊┊&#10;    ┊┊╲┈┈╲▂▂▂▂▂▂╱▔╲&#10;" classname="Test" time="0.001"/>
  <testcase name="[8] &#10;    ┈┈┈┈╱▔▔▔▔▔╲┈╱▔╲&#10;    ┈┈┈┈▏┈┈▏╭╮▕┈▏╳▕&#10;    ┈┈┈┈▏┈┈▏┈┈▕┈╲▂╱&#10;    ┈╱▔▔╲▂╱╲▂▂┈╲▂▏▏&#10;    ╭▏┈┈┈┈┈┈┈▏╲▂▂╱┈&#10;    ┃▏┈┈┈┈▏┈┈▏┈┈┈┈┈&#10;    ╯▏┈╲╱▔╲▅▅▏┈┈┈┈┈&#10;    ┈╲▅▅▏▕▔▔▔▔▏┈┈┈┈&#10;" classname="Test" time="0.002"/>
  <testcase name="[9] &#10;    ┈┈┈╲┈┈┈┈╱&#10;    ┈┈┈╱▔▔▔▔╲&#10;    ┈┈┃┈▇┈┈▇┈┃&#10;    ╭╮┣━━━━━━┫╭╮&#10;    ┃┃┃┈┈┈┈┈┈┃┃┃&#10;    ╰╯┃┈┈┈┈┈┈┃╰╯&#10;    ┈┈╰┓┏━━┓┏╯&#10;    ┈┈┈╰╯┈┈╰╯&#10;" classname="Test" time="0.002"/>
  <testcase name="[10] &#10;    ┊┊┊┊┊┊┊╱▏┊┊┊┊┊┊&#10;    ┊┊┊┊┊┊▕╱┊┊┊┊┊┊┊&#10;    ┊┊┊╱▔▔╲┊╱▔▔╲┊┊┊&#10;    ┊┊▕┈┈┈┈▔┈┈┈╱┊┊┊&#10;    ┊┊▕┈┈┈┈┈┈┈┈╲┊┊┊&#10;    ┊┊┊╲┈┈┈┈┈┈┈╱┊┊┊&#10;    ┊┊┊┊╲▂▂▂▂▂╱┊┊┊┊&#10;" classname="Test" time="0.002"/>
  <testcase name="[11] &#10;            The indent&#10;            must be&#10;            deleted&#10;        " classname="Test" time="0.001"/>
  <testcase name="testApplyFilterFunction()" classname="Test" time="0.002"/>
  <system-out><![CDATA[]]></system-out>
  <system-err><![CDATA[]]></system-err>
</testsuite>
