<?xml version="1.0" encoding="UTF-8"?>
<testsuite name="Test" tests="55" skipped="0" failures="0" errors="0" timestamp="2025-11-15T09:38:48.540Z" hostname="wayfinder" time="0.484">
  <properties/>
  <testcase name="[1] , 5,      " classname="Test" time="0.041"/>
  <testcase name="[2] ○, 5, ○    " classname="Test" time="0.002"/>
  <testcase name="[3] ○○, 5, ○○   " classname="Test" time="0.002"/>
  <testcase name="[4] ○○○, 5, ○○○  " classname="Test" time="0.002"/>
  <testcase name="[5] ○○○○, 5, ○○○○ " classname="Test" time="0.002"/>
  <testcase name="[6] ○○○○○, 5, ○○○○○" classname="Test" time="0.003"/>
  <testcase name="fillPatternRowFunction()" classname="Test" time="0.22"/>
  <testcase name="[1] ○, 1" classname="Test" time="0.004"/>
  <testcase name="[2]  X&#10;/ \&#10;\ /&#10; X, 4" classname="Test" time="0.001"/>
  <testcase name="[3]   ____   &#10; /    \&#10;/ /  \ \&#10;\ \__/ /&#10; \____/, 5" classname="Test" time="0.001"/>
  <testcase name="[4] +---+---+&#10;| o   o |&#10;|   ^   |&#10;|  ---  |&#10;+---+---+, 5" classname="Test" time="0.001"/>
  <testcase name="[5]    .+------+&#10; .' |    .'|&#10;+---+--+'  |&#10;|   |  |   |&#10;|  ,+--+---+&#10;|.'    | .' &#10;+------+', 7" classname="Test" time="0.001"/>
  <testcase name="[1] ○, ○" classname="Test" time="0.009"/>
  <testcase name="[2] +---+---+&#10;| o   o |&#10;|   ^   |&#10;|  ---  |&#10;+---+---+, | o   o |&#10;|   ^   |&#10;|  ---  |&#10;+---+---+" classname="Test" time="0.001"/>
  <testcase name="[3]    .+------+&#10; .' |    .'|&#10;+---+--+'  |&#10;|   |  |   |&#10;|  ,+--+---+&#10;|.'    | .' &#10;+------+',  .' |    .'|&#10;+---+--+'  |&#10;|   |  |   |&#10;|  ,+--+---+&#10;|.'    | .' &#10;+------+'" classname="Test" time="0.001"/>
  <testcase name="repeatHorizontallyFunction()" classname="Test" time="0.003"/>
  <testcase name="getPatternHeightFunction()" classname="Test" time="0.003"/>
  <testcase name="[1] ○, Filter(width=1, height=1, result=○)" classname="Test" time="0.003"/>
  <testcase name="[2] ○, Filter(width=2, height=1, result=○○)" classname="Test" time="0.001"/>
  <testcase name="[3]  X&#10;/ \&#10;\ /&#10; X, Filter(width=1, height=1, result= X &#10;/ \&#10;\ /&#10; X )" classname="Test" time="0.001"/>
  <testcase name="[4]  X&#10;/ \&#10;\ /&#10; X, Filter(width=2, height=1, result= X  X &#10;/ \/ \&#10;\ /\ /&#10; X  X )" classname="Test" time="0.001"/>
  <testcase name="[5]   ____   &#10; /    \&#10;/ /  \ \&#10;\ \__/ /&#10; \____/, Filter(width=1, height=1, result=  ____   &#10; /    \  &#10;/ /  \ \ &#10;\ \__/ / &#10; \____/  )" classname="Test" time="0.002"/>
  <testcase name="[6]   ____   &#10; /    \&#10;/ /  \ \&#10;\ \__/ /&#10; \____/, Filter(width=2, height=1, result=  ____     ____   &#10; /    \   /    \  &#10;/ /  \ \ / /  \ \ &#10;\ \__/ / \ \__/ / &#10; \____/   \____/  )" classname="Test" time="0.002"/>
  <testcase name="[7] +---+---+&#10;| o   o |&#10;|   ^   |&#10;|  ---  |&#10;+---+---+, Filter(width=1, height=1, result=+---+---+&#10;| o   o |&#10;|   ^   |&#10;|  ---  |&#10;+---+---+)" classname="Test" time="0.001"/>
  <testcase name="[8] +---+---+&#10;| o   o |&#10;|   ^   |&#10;|  ---  |&#10;+---+---+, Filter(width=2, height=1, result=+---+---++---+---+&#10;| o   o || o   o |&#10;|   ^   ||   ^   |&#10;|  ---  ||  ---  |&#10;+---+---++---+---+)" classname="Test" time="0.001"/>
  <testcase name="[9]    .+------+&#10; .' |    .'|&#10;+---+--+'  |&#10;|   |  |   |&#10;|  ,+--+---+&#10;|.'    | .' &#10;+------+', Filter(width=1, height=1, result=   .+------+&#10; .' |    .'|&#10;+---+--+'  |&#10;|   |  |   |&#10;|  ,+--+---+&#10;|.'    | .' &#10;+------+'   )" classname="Test" time="0.002"/>
  <testcase name="[10]    .+------+&#10; .' |    .'|&#10;+---+--+'  |&#10;|   |  |   |&#10;|  ,+--+---+&#10;|.'    | .' &#10;+------+', Filter(width=2, height=1, result=   .+------+   .+------+&#10; .' |    .'| .' |    .'|&#10;+---+--+'  |+---+--+'  |&#10;|   |  |   ||   |  |   |&#10;|  ,+--+---+|  ,+--+---+&#10;|.'    | .' |.'    | .' &#10;+------+'   +------+'   )" classname="Test" time="0.002"/>
  <testcase name="fillPatternRowErrorCase()" classname="Test" time="0.004"/>
  <testcase name="canvasGeneratorFunction()" classname="Test" time="0.002"/>
  <testcase name="[1] ○, Filter(width=1, height=1, result=○)" classname="Test" time="0.008"/>
  <testcase name="[2] ○, Filter(width=2, height=1, result=○○)" classname="Test" time="0.001"/>
  <testcase name="[3] ○, Filter(width=1, height=2, result=○&#10;○)" classname="Test" time="0.002"/>
  <testcase name="[4] ○, Filter(width=5, height=7, result=○○○○○&#10;○○○○○&#10;○○○○○&#10;○○○○○&#10;○○○○○&#10;○○○○○&#10;○○○○○)" classname="Test" time="0.002"/>
  <testcase name="[5] ○, Filter(width=6, height=8, result=○○○○○○&#10;○○○○○○&#10;○○○○○○&#10;○○○○○○&#10;○○○○○○&#10;○○○○○○&#10;○○○○○○&#10;○○○○○○)" classname="Test" time="0.002"/>
  <testcase name="[6]  X&#10;/ \&#10;\ /&#10; X, Filter(width=1, height=1, result= X &#10;/ \&#10;\ /&#10; X )" classname="Test" time="0.002"/>
  <testcase name="[7]  X&#10;/ \&#10;\ /&#10; X, Filter(width=2, height=1, result= X  X &#10;/ \/ \&#10;\ /\ /&#10; X  X )" classname="Test" time="0.002"/>
  <testcase name="[8]  X&#10;/ \&#10;\ /&#10; X, Filter(width=1, height=2, result= X &#10;/ \&#10;\ /&#10; X &#10;/ \&#10;\ /&#10; X )" classname="Test" time="0.001"/>
  <testcase name="[9]  X&#10;/ \&#10;\ /&#10; X, Filter(width=5, height=7, result= X  X  X  X  X &#10;/ \/ \/ \/ \/ \&#10;\ /\ /\ /\ /\ /&#10; X  X  X  X  X &#10;/ \/ \/ \/ \/ \&#10;\ /\ /\ /\ /\ /&#10; X  X  X  X  X &#10;/ \/ \/ \/ \/ \&#10;\ /\ /\ /\ /\ /&#10; X  X  X  X  X &#10;/ \/ \/ \/ \/ \&#10;\ /\ /\ /\ /\ /&#10; X  X  X  X  X &#10;/ \/ \/ \/ \/ \&#10;\ /\ /\ /\ /\ /&#10; X  X  X  X  X &#10;/ \/ \/ \/ \/ \&#10;\ /\ /\ /\ /\ /&#10; X  X  X  X  X &#10;/ \/ \/ \/ \/ \&#10;\ /\ /\ /\ /\ /&#10; X  X  X  X  X )" classname="Test" time="0.002"/>
  <testcase name="[10]  X&#10;/ \&#10;\ /&#10; X, Filter(width=6, height=8, result= X  X  X  X  X  X &#10;/ \/ \/ \/ \/ \/ \&#10;\ /\ /\ /\ /\ /\ /&#10; X  X  X  X  X  X &#10;/ \/ \/ \/ \/ \/ \&#10;\ /\ /\ /\ /\ /\ /&#10; X  X  X  X  X  X &#10;/ \/ \/ \/ \/ \/ \&#10;\ /\ /\ /\ /\ /\ /&#10; X  X  X  X  X  X &#10;/ \/ \/ \/ \/ \/ \&#10;\ /\ /\ /\ /\ /\ /&#10; X  X  X  X  X  X &#10;/ \/ \/ \/ \/ \/ \&#10;\ /\ /\ /\ /\ /\ /&#10; X  X  X  X  X  X &#10;/ \/ \/ \/ \/ \/ \&#10;\ /\ /\ /\ /\ /\ /&#10; X  X  X  X  X  X &#10;/ \/ \/ \/ \/ \/ \&#10;\ /\ /\ /\ /\ /\ /&#10; X  X  X  X  X  X &#10;/ \/ \/ \/ \/ \/ \&#10;\ /\ /\ /\ /\ /\ /&#10; X  X  X  X  X  X )" classname="Test" time="0.002"/>
  <testcase name="[11]   ____   &#10; /    \&#10;/ /  \ \&#10;\ \__/ /&#10; \____/, Filter(width=1, height=1, result=  ____   &#10; /    \  &#10;/ /  \ \ &#10;\ \__/ / &#10; \____/  )" classname="Test" time="0.002"/>
  <testcase name="[12]   ____   &#10; /    \&#10;/ /  \ \&#10;\ \__/ /&#10; \____/, Filter(width=2, height=1, result=  ____     ____   &#10; /    \   /    \  &#10;/ /  \ \ / /  \ \ &#10;\ \__/ / \ \__/ / &#10; \____/   \____/  )" classname="Test" time="0.001"/>
  <testcase name="[13]   ____   &#10; /    \&#10;/ /  \ \&#10;\ \__/ /&#10; \____/, Filter(width=1, height=2, result=  ____   &#10; /    \  &#10;/ /  \ \ &#10;\ \__/ / &#10; \____/  &#10; /    \  &#10;/ /  \ \ &#10;\ \__/ / &#10; \____/  )" classname="Test" time="0.002"/>
  <testcase name="[14]   ____   &#10; /    \&#10;/ /  \ \&#10;\ \__/ /&#10; \____/, Filter(width=5, height=7, result=  ____     ____     ____     ____     ____   &#10; /    \   /    \   /    \   /    \   /    \  &#10;/ /  \ \ / /  \ \ / /  \ \ / /  \ \ / /  \ \ &#10;\ \__/ / \ \__/ / \ \__/ / \ \__/ / \ \__/ / &#10; \____/   \____/   \____/   \____/   \____/  &#10; /    \   /    \   /    \   /    \   /    \  &#10;/ /  \ \ / /  \ \ / /  \ \ / /  \ \ / /  \ \ &#10;\ \__/ / \ \__/ / \ \__/ / \ \__/ / \ \__/ / &#10; \____/   \____/   \____/   \____/   \____/  &#10; /    \   /    \   /    \   /    \   /    \  &#10;/ /  \ \ / /  \ \ …" classname="Test" time="0.003"/>
  <testcase name="[15]   ____   &#10; /    \&#10;/ /  \ \&#10;\ \__/ /&#10; \____/, Filter(width=6, height=8, result=  ____     ____     ____     ____     ____     ____   &#10; /    \   /    \   /    \   /    \   /    \   /    \  &#10;/ /  \ \ / /  \ \ / /  \ \ / /  \ \ / /  \ \ / /  \ \ &#10;\ \__/ / \ \__/ / \ \__/ / \ \__/ / \ \__/ / \ \__/ / &#10; \____/   \____/   \____/   \____/   \____/   \____/  &#10; /    \   /    \   /    \   /    \   /    \   /    \  &#10;/ /  \ \ / /  \ \ / /  \ \ / /  \ \ / /  \ \ / /  \ \ &#10;\ \__/ / \ \__/ / \ \__/ / \ \__/ / \ \__/ / \ \__/ / &#10; \____/   \____/   \____/   \____/   \…" classname="Test" time="0.003"/>
  <testcase name="[16] +---+---+&#10;| o   o |&#10;|   ^   |&#10;|  ---  |&#10;+---+---+, Filter(width=1, height=1, result=+---+---+&#10;| o   o |&#10;|   ^   |&#10;|  ---  |&#10;+---+---+)" classname="Test" time="0.002"/>
  <testcase name="[17] +---+---+&#10;| o   o |&#10;|   ^   |&#10;|  ---  |&#10;+---+---+, Filter(width=2, height=1, result=+---+---++---+---+&#10;| o   o || o   o |&#10;|   ^   ||   ^   |&#10;|  ---  ||  ---  |&#10;+---+---++---+---+)" classname="Test" time="0.001"/>
  <testcase name="[18] +---+---+&#10;| o   o |&#10;|   ^   |&#10;|  ---  |&#10;+---+---+, Filter(width=1, height=2, result=+---+---+&#10;| o   o |&#10;|   ^   |&#10;|  ---  |&#10;+---+---+&#10;| o   o |&#10;|   ^   |&#10;|  ---  |&#10;+---+---+)" classname="Test" time="0.001"/>
  <testcase name="[19] +---+---+&#10;| o   o |&#10;|   ^   |&#10;|  ---  |&#10;+---+---+, Filter(width=5, height=7, result=+---+---++---+---++---+---++---+---++---+---+&#10;| o   o || o   o || o   o || o   o || o   o |&#10;|   ^   ||   ^   ||   ^   ||   ^   ||   ^   |&#10;|  ---  ||  ---  ||  ---  ||  ---  ||  ---  |&#10;+---+---++---+---++---+---++---+---++---+---+&#10;| o   o || o   o || o   o || o   o || o   o |&#10;|   ^   ||   ^   ||   ^   ||   ^   ||   ^   |&#10;|  ---  ||  ---  ||  ---  ||  ---  ||  ---  |&#10;+---+---++---+---++---+---++---+---++---+---+&#10;| o   o || o   o || o   o || o   o || o   o |&#10;|   ^   ||   ^   |…" classname="Test" time="0.002"/>
  <testcase name="[20] +---+---+&#10;| o   o |&#10;|   ^   |&#10;|  ---  |&#10;+---+---+, Filter(width=6, height=8, result=+---+---++---+---++---+---++---+---++---+---++---+---+&#10;| o   o || o   o || o   o || o   o || o   o || o   o |&#10;|   ^   ||   ^   ||   ^   ||   ^   ||   ^   ||   ^   |&#10;|  ---  ||  ---  ||  ---  ||  ---  ||  ---  ||  ---  |&#10;+---+---++---+---++---+---++---+---++---+---++---+---+&#10;| o   o || o   o || o   o || o   o || o   o || o   o |&#10;|   ^   ||   ^   ||   ^   ||   ^   ||   ^   ||   ^   |&#10;|  ---  ||  ---  ||  ---  ||  ---  ||  ---  ||  ---  |&#10;+---+---++---+---++---+---++---+---++-…" classname="Test" time="0.002"/>
  <testcase name="[21]    .+------+&#10; .' |    .'|&#10;+---+--+'  |&#10;|   |  |   |&#10;|  ,+--+---+&#10;|.'    | .' &#10;+------+', Filter(width=1, height=1, result=   .+------+&#10; .' |    .'|&#10;+---+--+'  |&#10;|   |  |   |&#10;|  ,+--+---+&#10;|.'    | .' &#10;+------+'   )" classname="Test" time="0.002"/>
  <testcase name="[22]    .+------+&#10; .' |    .'|&#10;+---+--+'  |&#10;|   |  |   |&#10;|  ,+--+---+&#10;|.'    | .' &#10;+------+', Filter(width=2, height=1, result=   .+------+   .+------+&#10; .' |    .'| .' |    .'|&#10;+---+--+'  |+---+--+'  |&#10;|   |  |   ||   |  |   |&#10;|  ,+--+---+|  ,+--+---+&#10;|.'    | .' |.'    | .' &#10;+------+'   +------+'   )" classname="Test" time="0.002"/>
  <testcase name="[23]    .+------+&#10; .' |    .'|&#10;+---+--+'  |&#10;|   |  |   |&#10;|  ,+--+---+&#10;|.'    | .' &#10;+------+', Filter(width=1, height=2, result=   .+------+&#10; .' |    .'|&#10;+---+--+'  |&#10;|   |  |   |&#10;|  ,+--+---+&#10;|.'    | .' &#10;+------+'   &#10; .' |    .'|&#10;+---+--+'  |&#10;|   |  |   |&#10;|  ,+--+---+&#10;|.'    | .' &#10;+------+'   )" classname="Test" time="0.001"/>
  <testcase name="[24]    .+------+&#10; .' |    .'|&#10;+---+--+'  |&#10;|   |  |   |&#10;|  ,+--+---+&#10;|.'    | .' &#10;+------+', Filter(width=5, height=7, result=   .+------+   .+------+   .+------+   .+------+   .+------+&#10; .' |    .'| .' |    .'| .' |    .'| .' |    .'| .' |    .'|&#10;+---+--+'  |+---+--+'  |+---+--+'  |+---+--+'  |+---+--+'  |&#10;|   |  |   ||   |  |   ||   |  |   ||   |  |   ||   |  |   |&#10;|  ,+--+---+|  ,+--+---+|  ,+--+---+|  ,+--+---+|  ,+--+---+&#10;|.'    | .' |.'    | .' |.'    | .' |.'    | .' |.'    | .' &#10;+------+'   +------+'   +------+'   +------+'   +------+'   &#10; .' |    .'| .' |    .'| .' |    .'| .' |    .'| .'…" classname="Test" time="0.009"/>
  <testcase name="[25]    .+------+&#10; .' |    .'|&#10;+---+--+'  |&#10;|   |  |   |&#10;|  ,+--+---+&#10;|.'    | .' &#10;+------+', Filter(width=6, height=8, result=   .+------+   .+------+   .+------+   .+------+   .+------+   .+------+&#10; .' |    .'| .' |    .'| .' |    .'| .' |    .'| .' |    .'| .' |    .'|&#10;+---+--+'  |+---+--+'  |+---+--+'  |+---+--+'  |+---+--+'  |+---+--+'  |&#10;|   |  |   ||   |  |   ||   |  |   ||   |  |   ||   |  |   ||   |  |   |&#10;|  ,+--+---+|  ,+--+---+|  ,+--+---+|  ,+--+---+|  ,+--+---+|  ,+--+---+&#10;|.'    | .' |.'    | .' |.'    | .' |.'    | .' |.'    | .' |.'    | .' &#10;+------+'   +------+'   +------+'   +---…" classname="Test" time="0.002"/>
  <testcase name="dropTopLineFunction()" classname="Test" time="0.018"/>
  <system-out><![CDATA[]]></system-out>
  <system-err><![CDATA[]]></system-err>
</testsuite>
